{timestamp: 2018-11-26T09:59:39.751Z, level: info, message: server started on port 4040 (development)}
{timestamp: 2018-11-26T09:59:40.528Z, level: error, message: failed to connect to server [mongo:27017] on first connect [MongoNetworkError: getaddrinfo ENOTFOUND mongo mongo:27017]}
{timestamp: 2018-11-26T10:07:06.983Z, level: info, message: server started on port 4040 (development)}
{timestamp: 2018-11-26T10:07:52.966Z, level: info, message: server started on port 4040 (development)}
{timestamp: 2018-11-26T10:09:26.745Z, level: info, message: server started on port 4040 (development)}
{timestamp: 2018-11-26T10:09:58.319Z, level: info, message: server started on port 4040 (development)}
{timestamp: 2018-11-26T10:10:15.506Z, level: error, message: API not found}
{timestamp: 2018-11-26T10:12:29.478Z, level: error, message: API not found}
{timestamp: 2018-11-26T10:30:23.395Z, level: error, message: API not found}
{timestamp: 2018-11-26T10:33:20.141Z, level: info, message: server started on port 4040 (development)}
{timestamp: 2018-11-26T10:33:32.376Z, level: error, message: API not found}
{timestamp: 2018-11-26T10:45:03.630Z, level: info, message: server started on port 4040 (development)}
{timestamp: 2018-11-26T10:45:59.546Z, level: info, message: server started on port 4040 (development)}
{timestamp: 2018-11-26T10:46:42.913Z, level: info, message: server started on port 4040 (development)}
{timestamp: 2018-11-26T10:47:40.616Z, level: error, message: API not found}
{timestamp: 2018-11-26T10:48:19.470Z, level: error, message: API not found}
{timestamp: 2018-11-26T10:48:45.480Z, level: error, message: API not found}
{timestamp: 2018-11-26T10:55:06.021Z, level: info, message: server started on port 4040 (development)}
{timestamp: 2018-11-26T10:55:23.967Z, level: info, message: server started on port 4040 (development)}
{timestamp: 2018-11-26T11:07:50.254Z, level: info, message: server started on port 4040 (development)}
{timestamp: 2018-11-26T11:08:32.775Z, level: info, message: server started on port 4040 (development)}
{timestamp: 2018-11-26T11:09:14.454Z, level: info, message: server started on port 4040 (development)}
{timestamp: 2018-11-26T11:10:06.945Z, level: info, message: server started on port 4040 (development)}
{timestamp: 2018-11-26T11:11:42.316Z, level: info, message: server started on port 4040 (development)}
{timestamp: 2018-11-26T11:12:14.120Z, level: info, message: server started on port 4040 (development)}
{timestamp: 2018-11-26T11:12:21.115Z, level: info, message: server started on port 4040 (development)}
{timestamp: 2018-11-26T11:14:32.539Z, level: info, message: server started on port 4040 (development)}
{timestamp: 2018-11-26T11:15:10.538Z, level: info, message: server started on port 4040 (development)}
{timestamp: 2018-11-26T11:17:21.892Z, level: info, message: server started on port 4040 (development)}
{timestamp: 2018-11-26T11:17:53.581Z, level: info, message: server started on port 4040 (development)}
{timestamp: 2018-11-26T11:18:13.718Z, level: info, message: server started on port 4040 (development)}
{timestamp: 2018-11-26T11:24:54.230Z, level: info, message: server started on port 4040 (development)}
{timestamp: 2018-11-26T11:30:14.882Z, level: error, message: API not found}
{timestamp: 2018-11-27T09:22:51.564Z, level: info, message: server started on port 4040 (development)}
{timestamp: 2018-11-27T09:22:53.576Z, level: error, message: failed to connect to server [0.0.0.0:27017] on first connect [MongoNetworkError: connect ECONNREFUSED 0.0.0.0:27017]}
{timestamp: 2018-11-27T09:24:38.218Z, level: info, message: server started on port 4040 (development)}
{timestamp: 2018-11-27T09:24:38.298Z, level: error, message: connection 0 to 0.0.0.0:3306 closed}
{timestamp: 2018-11-27T09:59:28.993Z, level: info, message: server started on port 4040 (development)}
{timestamp: 2018-11-27T09:59:56.980Z, level: info, message: server started on port 4040 (development)}
{timestamp: 2018-11-27T10:00:01.225Z, level: info, message: server started on port 4040 (development)}
{timestamp: 2018-11-27T10:00:03.726Z, level: info, message: server started on port 4040 (development)}
{timestamp: 2018-11-27T10:00:42.579Z, level: info, message: server started on port 4040 (development)}
{timestamp: 2018-11-27T10:01:03.634Z, level: info, message: server started on port 4040 (development)}
{timestamp: 2018-11-27T10:01:08.593Z, level: info, message: server started on port 4040 (development)}
{timestamp: 2018-11-27T10:13:36.216Z, level: info, message: server started on port 4040 (development)}
{timestamp: 2018-11-27T10:13:44.296Z, level: info, message: server started on port 4040 (development)}
{timestamp: 2018-11-27T10:46:30.797Z, level: info, message: server started on port 4040 (development)}
{timestamp: 2018-11-27T10:48:52.581Z, level: info, message: server started on port 4040 (development)}
{timestamp: 2018-11-27T10:50:00.143Z, level: info, message: server started on port 4040 (development)}
{timestamp: 2018-11-27T10:52:42.266Z, level: info, message: server started on port 4040 (development)}
{timestamp: 2018-11-27T10:52:59.274Z, level: info, message: server started on port 4040 (development)}
{timestamp: 2018-11-27T10:55:26.482Z, level: info, message: server started on port 4040 (development)}
{timestamp: 2018-11-27T10:55:54.627Z, level: info, message: server started on port 4040 (development)}
{timestamp: 2018-11-27T10:55:58.518Z, level: info, message: server started on port 4040 (development)}
{timestamp: 2018-11-27T10:56:22.846Z, level: info, message: server started on port 4040 (development)}
{timestamp: 2018-11-27T10:58:09.367Z, level: info, message: server started on port 4040 (development)}
{timestamp: 2018-11-27T11:27:03.280Z, level: info, message: server started on port 4040 (development)}
{timestamp: 2018-11-27T11:27:57.045Z, level: info, message: server started on port 4040 (development)}
{timestamp: 2018-11-27T11:28:42.750Z, level: info, message: server started on port 4040 (development)}
{timestamp: 2018-11-27T11:37:30.634Z, level: info, message: server started on port 4040 (development)}
{timestamp: 2018-11-27T11:38:14.826Z, level: info, message: server started on port 4040 (development)}
{timestamp: 2018-11-27T11:38:27.078Z, level: info, message: server started on port 4040 (development)}
{timestamp: 2018-11-27T12:55:47.737Z, level: info, message: server started on port 4040 (development)}
{timestamp: 2018-11-27T12:58:08.836Z, level: info, message: server started on port 4040 (development)}
{timestamp: 2018-11-27T12:58:36.424Z, level: info, message: server started on port 4040 (development)}
{timestamp: 2018-11-27T13:00:13.023Z, level: info, message: server started on port 4040 (development)}
{timestamp: 2018-11-27T13:00:51.457Z, level: info, message: server started on port 4040 (development)}
{timestamp: 2018-11-27T13:01:04.001Z, level: info, message: server started on port 4040 (development)}
{timestamp: 2018-11-27T13:07:50.891Z, level: info, message: server started on port 4040 (development)}
{timestamp: 2018-11-27T13:08:44.103Z, level: info, message: server started on port 4040 (development)}
{timestamp: 2018-11-27T13:09:19.057Z, level: info, message: server started on port 4040 (development)}
{timestamp: 2018-11-27T13:09:37.523Z, level: info, message: server started on port 4040 (development)}
{timestamp: 2018-11-27T13:10:02.011Z, level: info, message: server started on port 4040 (development)}
{timestamp: 2018-11-27T13:11:04.699Z, level: info, message: server started on port 4040 (development)}
{timestamp: 2018-11-27T13:28:03.665Z, level: info, message: server started on port 4040 (development)}
{timestamp: 2018-11-27T13:28:12.972Z, level: info, message: server started on port 4040 (development)}
{timestamp: 2018-11-27T13:28:54.578Z, level: info, message: server started on port 4040 (development)}
{timestamp: 2018-11-27T13:29:28.005Z, level: error, message: API not found}
{timestamp: 2018-11-27T13:29:53.458Z, level: error, message: API not found}
{timestamp: 2018-11-27T13:41:08.109Z, level: info, message: server started on port 4040 (development)}
{timestamp: 2018-11-28T05:58:05.960Z, level: info, message: server started on port 4040 (development)}
{timestamp: 2018-11-28T06:03:24.687Z, level: info, message: server started on port 4040 (development)}
{timestamp: 2018-11-28T06:05:19.266Z, level: info, message: server started on port 4040 (development)}
{timestamp: 2018-11-28T06:05:48.113Z, level: info, message: server started on port 4040 (development)}
{timestamp: 2018-11-28T06:06:37.877Z, level: info, message: server started on port 4040 (development)}
{timestamp: 2018-11-28T06:07:12.815Z, level: info, message: server started on port 4040 (development)}
{timestamp: 2018-11-28T06:10:07.228Z, level: info, message: server started on port 4040 (development)}
{timestamp: 2018-11-28T06:11:03.706Z, level: info, message: server started on port 4040 (development)}
{timestamp: 2018-11-28T06:11:51.045Z, level: info, message: server started on port 4040 (development)}
{timestamp: 2018-11-28T06:12:06.536Z, level: info, message: server started on port 4040 (development)}
{timestamp: 2018-11-28T06:13:02.827Z, level: info, message: server started on port 4040 (development)}
{timestamp: 2018-11-28T06:13:05.867Z, level: info, message: server started on port 4040 (development)}
{timestamp: 2018-11-28T06:14:23.017Z, level: info, message: server started on port 4040 (development)}
{timestamp: 2018-11-28T06:15:12.566Z, level: info, message: server started on port 4040 (development)}
{timestamp: 2018-11-28T06:16:28.439Z, level: info, message: server started on port 4040 (development)}
{timestamp: 2018-11-28T06:17:55.841Z, level: info, message: server started on port 4040 (development)}
{timestamp: 2018-11-28T06:19:03.331Z, level: info, message: server started on port 4040 (development)}
{timestamp: 2018-11-28T06:19:49.381Z, level: info, message: server started on port 4040 (development)}
{timestamp: 2018-11-28T06:21:04.262Z, level: info, message: server started on port 4040 (development)}
{timestamp: 2018-11-28T06:21:11.507Z, level: error, message: validParam is not defined}
{timestamp: 2018-11-28T06:21:58.691Z, level: info, message: server started on port 4040 (development)}
{timestamp: 2018-11-28T06:22:01.892Z, level: error, message: validParam is not defined}
{timestamp: 2018-11-28T06:33:51.791Z, level: info, message: server started on port 4040 (development)}
{timestamp: 2018-11-28T06:34:18.690Z, level: info, message: server started on port 4040 (development)}
{timestamp: 2018-11-28T06:34:32.318Z, level: error, message: validParam is not defined}
{timestamp: 2018-11-28T06:35:03.922Z, level: info, message: server started on port 4040 (development)}
{timestamp: 2018-11-28T06:35:22.621Z, level: info, message: server started on port 4040 (development)}
{timestamp: 2018-11-28T06:35:31.493Z, level: info, message: server started on port 4040 (development)}
{timestamp: 2018-11-28T06:35:43.574Z, level: info, message: server started on port 4040 (development)}
{timestamp: 2018-11-28T06:40:25.764Z, level: info, message: server started on port 4040 (development)}
{timestamp: 2018-11-28T06:40:28.779Z, level: info, message: server started on port 4040 (development)}
{timestamp: 2018-11-28T06:43:41.970Z, level: info, message: server started on port 4040 (development)}
{timestamp: 2018-11-28T06:45:35.773Z, level: info, message: server started on port 4040 (development)}
{timestamp: 2018-11-28T06:46:13.166Z, level: info, message: server started on port 4040 (development)}
{timestamp: 2018-11-28T06:46:20.599Z, level: info, message: server started on port 4040 (development)}
{timestamp: 2018-11-28T06:46:27.691Z, level: info, message: server started on port 4040 (development)}
{timestamp: 2018-11-28T06:46:35.515Z, level: error, message: Cannot read property 'validate' of undefined}
{timestamp: 2018-11-28T06:52:50.129Z, level: info, message: server started on port 4040 (development)}
{timestamp: 2018-11-28T06:52:51.750Z, level: error, message: Cannot read property 'validate' of undefined}
{timestamp: 2018-11-28T06:57:11.852Z, level: info, message: server started on port 4040 (development)}
{timestamp: 2018-11-28T06:57:31.016Z, level: info, message: server started on port 4040 (development)}
{timestamp: 2018-11-28T06:58:38.049Z, level: info, message: server started on port 4040 (development)}
{timestamp: 2018-11-28T06:58:44.651Z, level: info, message: server started on port 4040 (development)}
{timestamp: 2018-11-28T06:59:12.351Z, level: info, message: server started on port 4040 (development)}
{timestamp: 2018-11-28T06:59:44.742Z, level: info, message: server started on port 4040 (development)}
{timestamp: 2018-11-28T07:00:24.402Z, level: info, message: server started on port 4040 (development)}
{timestamp: 2018-11-28T07:02:45.079Z, level: info, message: server started on port 4040 (development)}
{timestamp: 2018-11-28T07:04:37.502Z, level: info, message: server started on port 4040 (development)}
{timestamp: 2018-11-28T07:04:41.816Z, level: error, message: autoFormat is not defined}
{timestamp: 2018-11-28T07:05:40.379Z, level: info, message: server started on port 4040 (development)}
{timestamp: 2018-11-28T07:06:25.914Z, level: info, message: server started on port 4040 (development)}
{timestamp: 2018-11-28T07:06:30.836Z, level: error, message: Model.find is not a function}
{timestamp: 2018-11-28T07:17:26.936Z, level: info, message: server started on port 4040 (development)}
{timestamp: 2018-11-28T07:37:08.479Z, level: info, message: server started on port 4040 (development)}
{timestamp: 2018-11-28T07:38:34.796Z, level: info, message: server started on port 4040 (development)}
{timestamp: 2018-11-28T07:42:58.523Z, level: info, message: server started on port 4040 (development)}
{timestamp: 2018-11-28T08:40:36.355Z, level: info, message: server started on port 4040 (development)}
{timestamp: 2018-11-28T08:40:49.285Z, level: error, message: commonMysqlService is not defined}
{timestamp: 2018-11-28T08:41:43.480Z, level: info, message: server started on port 4040 (development)}
{timestamp: 2018-11-28T08:41:54.508Z, level: error, message: commonMysqlService is not defined}
{timestamp: 2018-11-28T08:43:38.627Z, level: info, message: server started on port 4040 (development)}
{timestamp: 2018-11-28T08:43:39.368Z, level: error, message: commonMysqlService is not defined}
{timestamp: 2018-11-28T08:44:10.373Z, level: info, message: server started on port 4040 (development)}
{timestamp: 2018-11-28T08:44:26.915Z, level: info, message: server started on port 4040 (development)}
{timestamp: 2018-11-28T08:44:49.280Z, level: info, message: server started on port 4040 (development)}
{timestamp: 2018-11-28T08:44:56.016Z, level: info, message: server started on port 4040 (development)}
{timestamp: 2018-11-28T08:45:07.113Z, level: error, message: Model.findOne is not a function}
{timestamp: 2018-11-28T09:33:54.284Z, level: info, message: server started on port 4040 (development)}
{timestamp: 2018-11-28T09:40:13.127Z, level: info, message: server started on port 4040 (development)}
{timestamp: 2018-11-28T09:43:02.372Z, level: info, message: server started on port 4040 (development)}
{timestamp: 2018-11-28T09:44:25.650Z, level: info, message: server started on port 4040 (development)}
{timestamp: 2018-11-28T09:47:36.394Z, level: info, message: server started on port 4040 (development)}
{timestamp: 2018-11-28T09:48:00.307Z, level: info, message: server started on port 4040 (development)}
{timestamp: 2018-11-28T09:48:24.779Z, level: info, message: server started on port 4040 (development)}
{timestamp: 2018-11-28T09:49:24.353Z, level: info, message: server started on port 4040 (development)}
{timestamp: 2018-11-28T09:50:47.045Z, level: info, message: server started on port 4040 (development)}
{timestamp: 2018-11-28T09:51:34.767Z, level: info, message: server started on port 4040 (development)}
{timestamp: 2018-11-28T09:52:48.647Z, level: info, message: server started on port 4040 (development)}
{timestamp: 2018-11-28T09:57:13.714Z, level: info, message: server started on port 4040 (development)}
{timestamp: 2018-11-28T09:57:38.096Z, level: info, message: server started on port 4040 (development)}
{timestamp: 2018-11-28T09:57:51.108Z, level: info, message: server started on port 4040 (development)}
{timestamp: 2018-11-28T09:58:45.548Z, level: info, message: server started on port 4040 (development)}
{timestamp: 2018-11-28T09:59:32.055Z, level: error, message: Cannot read property 'findOne' of undefined}
{timestamp: 2018-11-28T10:00:29.275Z, level: info, message: server started on port 4040 (development)}
{timestamp: 2018-11-28T10:00:35.196Z, level: error, message: Cannot read property 'findOne' of undefined}
{timestamp: 2018-11-28T10:02:08.182Z, level: info, message: server started on port 4040 (development)}
{timestamp: 2018-11-28T10:02:10.491Z, level: error, message: Cannot read property 'findOne' of undefined}
{timestamp: 2018-11-28T10:04:02.802Z, level: info, message: server started on port 4040 (development)}
{timestamp: 2018-11-28T10:04:10.047Z, level: error, message: Cannot read property 'findOne' of undefined}
{timestamp: 2018-11-28T10:07:19.746Z, level: info, message: server started on port 4040 (development)}
{timestamp: 2018-11-28T10:07:25.524Z, level: error, message: Cannot read property 'findOne' of undefined}
{timestamp: 2018-11-28T10:13:41.408Z, level: info, message: server started on port 4040 (development)}
{timestamp: 2018-11-28T10:14:08.968Z, level: info, message: server started on port 4040 (development)}
{timestamp: 2018-11-28T10:14:16.603Z, level: info, message: server started on port 4040 (development)}
{timestamp: 2018-11-28T10:14:21.148Z, level: error, message: Cannot read property 'findOne' of undefined}
{timestamp: 2018-11-28T10:16:38.673Z, level: info, message: server started on port 4040 (development)}
{timestamp: 2018-11-28T10:16:49.773Z, level: info, message: server started on port 4040 (development)}
{timestamp: 2018-11-28T10:16:56.942Z, level: info, message: server started on port 4040 (development)}
{timestamp: 2018-11-28T10:21:12.284Z, level: info, message: server started on port 4040 (development)}
{timestamp: 2018-11-28T10:22:35.472Z, level: info, message: server started on port 4040 (development)}
{timestamp: 2018-11-28T10:23:22.930Z, level: info, message: server started on port 4040 (development)}
{timestamp: 2018-11-28T10:23:27.579Z, level: info, message: server started on port 4040 (development)}
{timestamp: 2018-11-28T10:29:27.722Z, level: info, message: server started on port 4040 (development)}
{timestamp: 2018-11-28T10:30:09.816Z, level: info, message: server started on port 4040 (development)}
{timestamp: 2018-11-28T10:30:31.173Z, level: info, message: server started on port 4040 (development)}
{timestamp: 2018-11-28T10:32:48.102Z, level: info, message: server started on port 4040 (development)}
{timestamp: 2018-11-28T10:33:25.777Z, level: info, message: server started on port 4040 (development)}
{timestamp: 2018-11-28T10:33:34.725Z, level: info, message: server started on port 4040 (development)}
{timestamp: 2018-11-28T10:34:14.925Z, level: info, message: server started on port 4040 (development)}
{timestamp: 2018-11-28T10:34:36.188Z, level: info, message: server started on port 4040 (development)}
{timestamp: 2018-11-28T10:39:28.836Z, level: info, message: server started on port 4040 (development)}
{timestamp: 2018-11-28T10:39:33.120Z, level: info, message: server started on port 4040 (development)}
{timestamp: 2018-11-28T10:39:35.523Z, level: info, message: server started on port 4040 (development)}
{timestamp: 2018-11-28T10:40:31.375Z, level: info, message: server started on port 4040 (development)}
{timestamp: 2018-11-28T10:40:43.299Z, level: info, message: server started on port 4040 (development)}
{timestamp: 2018-11-28T10:41:12.340Z, level: info, message: server started on port 4040 (development)}
{timestamp: 2018-11-28T10:43:09.142Z, level: info, message: server started on port 4040 (development)}
{timestamp: 2018-11-28T10:46:00.665Z, level: info, message: server started on port 4040 (development)}
{timestamp: 2018-11-28T10:47:08.985Z, level: info, message: server started on port 4040 (development)}
{timestamp: 2018-11-28T10:47:21.571Z, level: info, message: server started on port 4040 (development)}
{timestamp: 2018-11-28T10:47:44.189Z, level: info, message: server started on port 4040 (development)}
{timestamp: 2018-11-28T10:48:13.185Z, level: info, message: server started on port 4040 (development)}
{timestamp: 2018-11-28T10:48:46.113Z, level: info, message: server started on port 4040 (development)}
{timestamp: 2018-11-28T10:50:13.766Z, level: info, message: server started on port 4040 (development)}
{timestamp: 2018-11-28T10:50:46.425Z, level: info, message: server started on port 4040 (development)}
{timestamp: 2018-11-28T10:58:56.364Z, level: info, message: server started on port 4040 (development)}
{timestamp: 2018-11-28T10:59:18.450Z, level: info, message: server started on port 4040 (development)}
{timestamp: 2018-11-28T10:59:52.030Z, level: info, message: server started on port 4040 (development)}
{timestamp: 2018-11-28T11:18:22.090Z, level: info, message: server started on port 4040 (development)}
{timestamp: 2018-11-28T11:22:30.616Z, level: info, message: server started on port 4040 (development)}
{timestamp: 2018-11-28T11:23:36.435Z, level: info, message: server started on port 4040 (development)}
{timestamp: 2018-11-28T11:23:44.085Z, level: info, message: server started on port 4040 (development)}
{timestamp: 2018-11-28T11:23:59.604Z, level: info, message: server started on port 4040 (development)}
{timestamp: 2018-11-28T11:24:38.010Z, level: info, message: server started on port 4040 (development)}
{timestamp: 2018-11-28T11:26:23.114Z, level: info, message: server started on port 4040 (development)}
{timestamp: 2018-11-28T11:27:16.812Z, level: info, message: server started on port 4040 (development)}
{timestamp: 2018-11-28T11:28:18.894Z, level: info, message: server started on port 4040 (development)}
{timestamp: 2018-11-28T11:28:52.605Z, level: info, message: server started on port 4040 (development)}
{timestamp: 2018-11-28T11:29:23.526Z, level: info, message: server started on port 4040 (development)}
{timestamp: 2018-11-28T11:30:02.328Z, level: info, message: server started on port 4040 (development)}
{timestamp: 2018-11-28T11:30:05.693Z, level: info, message: server started on port 4040 (development)}
{timestamp: 2018-11-28T11:30:26.078Z, level: info, message: server started on port 4040 (development)}
{timestamp: 2018-11-28T11:31:14.486Z, level: info, message: server started on port 4040 (development)}
{timestamp: 2018-11-28T11:31:51.964Z, level: info, message: server started on port 4040 (development)}
{timestamp: 2018-11-28T11:32:16.716Z, level: info, message: server started on port 4040 (development)}
{timestamp: 2018-11-28T11:32:26.068Z, level: info, message: server started on port 4040 (development)}
{timestamp: 2018-11-28T11:32:59.669Z, level: info, message: server started on port 4040 (development)}
{timestamp: 2018-11-28T11:35:01.129Z, level: info, message: server started on port 4040 (development)}
{timestamp: 2018-11-28T11:56:24.527Z, level: info, message: server started on port 4040 (development)}
{timestamp: 2018-11-28T11:58:14.309Z, level: info, message: server started on port 4040 (development)}
{timestamp: 2018-11-28T12:00:55.125Z, level: info, message: server started on port 4040 (development)}
{timestamp: 2018-11-28T12:01:34.279Z, level: info, message: server started on port 4040 (development)}
{timestamp: 2018-11-28T12:02:32.927Z, level: info, message: server started on port 4040 (development)}
{timestamp: 2018-11-28T12:06:50.964Z, level: info, message: server started on port 4040 (development)}
{timestamp: 2018-11-28T12:07:18.974Z, level: info, message: server started on port 4040 (development)}
{timestamp: 2018-11-28T12:07:43.344Z, level: info, message: server started on port 4040 (development)}
{timestamp: 2018-11-28T12:09:19.850Z, level: info, message: server started on port 4040 (development)}
{timestamp: 2018-11-28T12:09:34.010Z, level: info, message: server started on port 4040 (development)}
{timestamp: 2018-11-28T12:13:02.833Z, level: info, message: server started on port 4040 (development)}
{timestamp: 2018-11-28T12:14:50.468Z, level: info, message: server started on port 4040 (development)}
{timestamp: 2018-11-28T12:16:21.654Z, level: info, message: server started on port 4040 (development)}
{timestamp: 2018-11-28T12:17:07.498Z, level: info, message: server started on port 4040 (development)}
{timestamp: 2018-11-28T12:18:19.828Z, level: info, message: server started on port 4040 (development)}
{timestamp: 2018-11-28T12:19:05.549Z, level: info, message: server started on port 4040 (development)}
{timestamp: 2018-11-28T12:20:24.439Z, level: info, message: server started on port 4040 (development)}
{timestamp: 2018-11-28T12:22:01.324Z, level: info, message: server started on port 4040 (development)}
{timestamp: 2018-11-28T12:23:31.491Z, level: info, message: server started on port 4040 (development)}
{timestamp: 2018-11-28T12:23:58.376Z, level: info, message: server started on port 4040 (development)}
{timestamp: 2018-11-28T12:31:31.095Z, level: info, message: server started on port 4040 (development)}
{timestamp: 2018-11-28T12:31:40.012Z, level: info, message: server started on port 4040 (development)}
{timestamp: 2018-11-28T12:33:05.514Z, level: info, message: server started on port 4040 (development)}
{timestamp: 2018-11-28T12:33:33.123Z, level: info, message: server started on port 4040 (development)}
{timestamp: 2018-11-28T12:34:45.000Z, level: info, message: server started on port 4040 (development)}
{timestamp: 2018-11-28T12:35:22.564Z, level: info, message: server started on port 4040 (development)}
{timestamp: 2018-11-28T12:37:44.795Z, level: info, message: server started on port 4040 (development)}
{timestamp: 2018-11-28T12:38:09.695Z, level: info, message: server started on port 4040 (development)}
{timestamp: 2018-11-28T12:38:17.841Z, level: info, message: server started on port 4040 (development)}
{timestamp: 2018-11-28T12:43:58.301Z, level: info, message: server started on port 4040 (development)}
{timestamp: 2018-11-28T12:44:47.177Z, level: info, message: server started on port 4040 (development)}
{timestamp: 2018-11-28T12:45:44.932Z, level: info, message: server started on port 4040 (development)}
{timestamp: 2018-11-28T12:46:33.097Z, level: info, message: server started on port 4040 (development)}
{timestamp: 2018-11-28T12:47:26.099Z, level: info, message: server started on port 4040 (development)}
{timestamp: 2018-11-28T12:47:32.232Z, level: info, message: server started on port 4040 (development)}
{timestamp: 2018-11-28T12:48:50.216Z, level: info, message: server started on port 4040 (development)}
{timestamp: 2018-11-28T12:49:06.720Z, level: info, message: server started on port 4040 (development)}
{timestamp: 2018-11-28T12:50:23.969Z, level: info, message: server started on port 4040 (development)}
{timestamp: 2018-11-28T12:53:31.237Z, level: info, message: server started on port 4040 (development)}
{timestamp: 2018-11-28T12:57:45.557Z, level: info, message: server started on port 4040 (development)}
{timestamp: 2018-11-28T13:05:28.965Z, level: info, message: server started on port 4040 (development)}
{timestamp: 2018-11-28T13:08:47.250Z, level: info, message: server started on port 4040 (development)}
{timestamp: 2018-11-28T13:10:46.880Z, level: info, message: server started on port 4040 (development)}
{timestamp: 2018-11-28T13:11:34.970Z, level: info, message: server started on port 4040 (development)}
{timestamp: 2018-11-28T13:13:51.523Z, level: info, message: server started on port 4040 (development)}
{timestamp: 2018-11-28T13:15:05.464Z, level: info, message: server started on port 4040 (development)}
{timestamp: 2018-11-28T13:15:54.672Z, level: info, message: server started on port 4040 (development)}
{timestamp: 2018-11-28T13:16:28.208Z, level: info, message: server started on port 4040 (development)}
{timestamp: 2018-11-28T13:16:52.110Z, level: info, message: server started on port 4040 (development)}
{timestamp: 2018-11-28T13:17:34.928Z, level: info, message: server started on port 4040 (development)}
{timestamp: 2018-11-28T13:17:57.507Z, level: info, message: server started on port 4040 (development)}
{timestamp: 2018-11-28T13:18:34.917Z, level: info, message: server started on port 4040 (development)}
{timestamp: 2018-11-29T06:26:09.281Z, level: info, message: server started on port 4040 (development)}
{timestamp: 2018-11-29T06:27:35.742Z, level: info, message: server started on port 4040 (development)}
{timestamp: 2018-11-29T06:29:12.214Z, level: info, message: server started on port 4040 (development)}
{timestamp: 2018-11-29T06:29:21.536Z, level: info, message: server started on port 4040 (development)}
{timestamp: 2018-11-29T06:31:14.741Z, level: info, message: server started on port 4040 (development)}
{timestamp: 2018-11-29T06:31:16.736Z, level: error, message: Can't set headers after they are sent.}
{timestamp: 2018-11-29T06:32:19.835Z, level: info, message: server started on port 4040 (development)}
{timestamp: 2018-11-29T06:32:45.374Z, level: info, message: server started on port 4040 (development)}
{timestamp: 2018-11-29T06:34:20.328Z, level: info, message: server started on port 4040 (development)}
{timestamp: 2018-11-29T06:34:23.447Z, level: info, message: server started on port 4040 (development)}
{timestamp: 2018-11-29T06:34:54.549Z, level: info, message: server started on port 4040 (development)}
{timestamp: 2018-11-29T06:35:58.723Z, level: info, message: server started on port 4040 (development)}
{timestamp: 2018-11-29T06:36:11.242Z, level: error, message: API not found}
{timestamp: 2018-11-29T06:36:11.472Z, level: error, message: API not found}
{timestamp: 2018-11-29T06:36:31.179Z, level: error, message: API not found}
{timestamp: 2018-11-29T06:36:31.184Z, level: error, message: API not found}
{timestamp: 2018-11-29T06:41:15.275Z, level: error, message: API not found}
{timestamp: 2018-11-29T06:41:15.317Z, level: error, message: API not found}
{timestamp: 2018-11-29T06:49:25.772Z, level: info, message: server started on port 4040 (development)}
{timestamp: 2018-11-29T06:51:15.229Z, level: info, message: server started on port 4040 (development)}
{timestamp: 2018-11-29T06:52:02.872Z, level: info, message: server started on port 4040 (development)}
{timestamp: 2018-11-29T07:13:33.525Z, level: info, message: server started on port 4040 (development)}
{timestamp: 2018-11-29T07:15:23.910Z, level: error, message: Cannot read property 'token' of undefined}
{timestamp: 2018-11-29T07:16:18.472Z, level: info, message: server started on port 4040 (development)}
{timestamp: 2018-11-29T07:16:22.159Z, level: error, message: Cannot read property 'token' of undefined}
{timestamp: 2018-11-29T07:26:32.083Z, level: info, message: server started on port 4040 (development)}
{timestamp: 2018-11-29T07:26:59.716Z, level: info, message: server started on port 4040 (development)}
{timestamp: 2018-11-29T07:27:09.885Z, level: error, message: _service2.default.create is not a function}
{timestamp: 2018-11-29T07:28:08.731Z, level: info, message: server started on port 4040 (development)}
{timestamp: 2018-11-29T07:28:13.842Z, level: error, message: Cannot read property 'token' of undefined}
{timestamp: 2018-11-29T07:28:42.041Z, level: info, message: server started on port 4040 (development)}
{timestamp: 2018-11-29T07:28:44.375Z, level: info, message: server started on port 4040 (development)}
{timestamp: 2018-11-29T07:30:04.229Z, level: info, message: server started on port 4040 (development)}
{timestamp: 2018-11-29T07:30:39.512Z, level: info, message: server started on port 4040 (development)}
{timestamp: 2018-11-29T07:31:25.609Z, level: error, message: Cannot read property 'token' of undefined}
{timestamp: 2018-11-29T07:32:03.528Z, level: info, message: server started on port 4040 (development)}
{timestamp: 2018-11-29T07:32:09.531Z, level: error, message: Cannot read property 'token' of undefined}
{timestamp: 2018-11-29T07:32:54.759Z, level: info, message: server started on port 4040 (development)}
{timestamp: 2018-11-29T07:35:09.342Z, level: info, message: server started on port 4040 (development)}
{timestamp: 2018-11-29T07:35:22.022Z, level: info, message: server started on port 4040 (development)}
{timestamp: 2018-11-29T07:35:29.498Z, level: info, message: server started on port 4040 (development)}
{timestamp: 2018-11-29T07:38:08.877Z, level: info, message: server started on port 4040 (development)}
{timestamp: 2018-11-29T07:38:23.423Z, level: error, message: Cannot read property 'token' of undefined}
{timestamp: 2018-11-29T08:29:25.408Z, level: info, message: server started on port 4040 (development)}
{timestamp: 2018-11-29T08:30:45.906Z, level: info, message: server started on port 4040 (development)}
{timestamp: 2018-11-29T08:31:24.254Z, level: info, message: server started on port 4040 (development)}
{timestamp: 2018-11-29T08:35:24.469Z, level: info, message: server started on port 4040 (development)}
{timestamp: 2018-11-29T08:36:08.613Z, level: info, message: server started on port 4040 (development)}
{timestamp: 2018-11-29T08:36:47.222Z, level: info, message: server started on port 4040 (development)}
{timestamp: 2018-11-29T08:37:28.738Z, level: info, message: server started on port 4040 (development)}
{timestamp: 2018-11-29T08:37:49.209Z, level: info, message: server started on port 4040 (development)}
{timestamp: 2018-11-29T08:38:04.545Z, level: info, message: server started on port 4040 (development)}
{timestamp: 2018-11-29T08:38:33.151Z, level: info, message: server started on port 4040 (development)}
{timestamp: 2018-11-29T08:39:17.262Z, level: info, message: server started on port 4040 (development)}
{timestamp: 2018-11-29T08:39:57.842Z, level: error, message: Cannot read property 'token' of undefined}
{timestamp: 2018-11-29T08:40:23.879Z, level: info, message: server started on port 4040 (development)}
{timestamp: 2018-11-29T08:41:46.486Z, level: info, message: server started on port 4040 (development)}
{timestamp: 2018-11-29T08:43:05.982Z, level: info, message: server started on port 4040 (development)}
{timestamp: 2018-11-29T08:43:35.175Z, level: info, message: server started on port 4040 (development)}
{timestamp: 2018-11-29T08:44:01.576Z, level: info, message: server started on port 4040 (development)}
{timestamp: 2018-11-29T08:44:35.923Z, level: info, message: server started on port 4040 (development)}
{timestamp: 2018-11-29T08:45:31.717Z, level: info, message: server started on port 4040 (development)}
{timestamp: 2018-11-29T08:47:11.975Z, level: info, message: server started on port 4040 (development)}
{timestamp: 2018-11-29T08:49:36.902Z, level: info, message: server started on port 4040 (development)}
{timestamp: 2018-11-29T08:50:16.503Z, level: info, message: server started on port 4040 (development)}
{timestamp: 2018-11-29T08:50:27.658Z, level: info, message: server started on port 4040 (development)}
{timestamp: 2018-11-29T08:52:12.090Z, level: info, message: server started on port 4040 (development)}
{timestamp: 2018-11-29T08:52:28.525Z, level: info, message: server started on port 4040 (development)}
{timestamp: 2018-11-29T08:52:32.201Z, level: info, message: server started on port 4040 (development)}
{timestamp: 2018-11-29T08:53:19.382Z, level: info, message: server started on port 4040 (development)}
{timestamp: 2018-11-29T08:53:24.255Z, level: info, message: server started on port 4040 (development)}
{timestamp: 2018-11-29T08:54:08.538Z, level: info, message: server started on port 4040 (development)}
{timestamp: 2018-11-29T08:54:25.636Z, level: info, message: server started on port 4040 (development)}
{timestamp: 2018-11-29T08:54:54.108Z, level: info, message: server started on port 4040 (development)}
{timestamp: 2018-11-29T08:55:01.504Z, level: info, message: server started on port 4040 (development)}
{timestamp: 2018-11-29T08:56:16.953Z, level: info, message: server started on port 4040 (development)}
{timestamp: 2018-11-29T08:58:04.005Z, level: info, message: server started on port 4040 (development)}
{timestamp: 2018-11-29T08:58:11.349Z, level: info, message: server started on port 4040 (development)}
{timestamp: 2018-11-29T08:58:19.029Z, level: info, message: server started on port 4040 (development)}
{timestamp: 2018-11-29T08:58:46.328Z, level: info, message: server started on port 4040 (development)}
{timestamp: 2018-11-29T08:58:57.870Z, level: info, message: server started on port 4040 (development)}
{timestamp: 2018-11-29T08:59:04.121Z, level: info, message: server started on port 4040 (development)}
{timestamp: 2018-11-29T08:59:16.505Z, level: info, message: server started on port 4040 (development)}
{timestamp: 2018-11-29T09:03:24.072Z, level: info, message: server started on port 4040 (development)}
{timestamp: 2018-11-29T09:04:05.871Z, level: info, message: server started on port 4040 (development)}
{timestamp: 2018-11-29T09:04:50.088Z, level: info, message: server started on port 4040 (development)}
{timestamp: 2018-11-29T09:05:07.915Z, level: info, message: server started on port 4040 (development)}
{timestamp: 2018-11-29T09:06:53.453Z, level: info, message: server started on port 4040 (development)}
{timestamp: 2018-11-29T09:06:55.940Z, level: info, message: server started on port 4040 (development)}
{timestamp: 2018-11-29T09:07:04.739Z, level: info, message: server started on port 4040 (development)}
{timestamp: 2018-11-29T09:08:20.008Z, level: info, message: server started on port 4040 (development)}
{timestamp: 2018-11-29T09:11:33.549Z, level: info, message: server started on port 4040 (development)}
{timestamp: 2018-11-29T09:12:18.990Z, level: info, message: server started on port 4040 (development)}
{timestamp: 2018-11-29T09:12:48.677Z, level: info, message: server started on port 4040 (development)}
{timestamp: 2018-11-29T09:13:02.588Z, level: info, message: server started on port 4040 (development)}
{timestamp: 2018-11-29T09:13:08.439Z, level: info, message: server started on port 4040 (development)}
{timestamp: 2018-11-29T09:14:21.575Z, level: error, message: API not found}
{timestamp: 2018-11-29T09:14:46.543Z, level: info, message: server started on port 4040 (development)}
{timestamp: 2018-11-29T09:14:49.810Z, level: error, message: API not found}
{timestamp: 2018-11-29T09:16:26.134Z, level: error, message: API not found}
{timestamp: 2018-11-29T09:16:53.751Z, level: error, message: API not found}
{timestamp: 2018-11-29T09:17:02.625Z, level: error, message: API not found}
{timestamp: 2018-11-29T09:17:07.036Z, level: error, message: API not found}
{timestamp: 2018-11-29T09:25:13.971Z, level: error, message: API not found}
{timestamp: 2018-11-29T09:25:24.480Z, level: error, message: API not found}
{timestamp: 2018-11-29T09:27:13.740Z, level: info, message: server started on port 4040 (development)}
{timestamp: 2018-11-29T09:27:19.470Z, level: error, message: API not found}
{timestamp: 2018-11-29T09:30:06.671Z, level: error, message: API not found}
{timestamp: 2018-11-29T09:35:36.287Z, level: info, message: server started on port 4040 (development)}
{timestamp: 2018-11-29T09:48:39.876Z, level: info, message: server started on port 4040 (development)}
{timestamp: 2018-11-29T09:48:45.751Z, level: error, message: API not found}
{timestamp: 2018-11-29T09:51:23.109Z, level: info, message: server started on port 4040 (development)}
{timestamp: 2018-11-29T09:51:40.902Z, level: error, message: Cannot read property 'token' of undefined}
{timestamp: 2018-11-29T09:53:36.367Z, level: error, message: Cannot read property 'token' of undefined}
{timestamp: 2018-11-29T09:54:16.725Z, level: error, message: Cannot read property 'token' of undefined}
{timestamp: 2018-11-29T09:56:04.008Z, level: info, message: server started on port 4040 (development)}
{timestamp: 2018-11-29T09:56:31.711Z, level: error, message: API not found}
{timestamp: 2018-11-29T10:01:09.996Z, level: info, message: server started on port 4040 (development)}
{timestamp: 2018-11-29T10:04:49.232Z, level: info, message: server started on port 4040 (development)}
{timestamp: 2018-11-29T10:05:30.577Z, level: info, message: server started on port 4040 (development)}
{timestamp: 2018-11-29T10:05:58.878Z, level: info, message: server started on port 4040 (development)}
{timestamp: 2018-11-29T10:06:19.975Z, level: info, message: server started on port 4040 (development)}
{timestamp: 2018-11-29T10:06:29.534Z, level: info, message: server started on port 4040 (development)}
{timestamp: 2018-11-29T10:06:40.903Z, level: info, message: server started on port 4040 (development)}
{timestamp: 2018-11-29T10:07:42.685Z, level: info, message: server started on port 4040 (development)}
{timestamp: 2018-11-29T10:07:49.037Z, level: info, message: server started on port 4040 (development)}
{timestamp: 2018-11-29T10:07:57.338Z, level: info, message: server started on port 4040 (development)}
{timestamp: 2018-11-29T10:08:39.104Z, level: info, message: server started on port 4040 (development)}
{timestamp: 2018-11-29T10:08:54.125Z, level: info, message: server started on port 4040 (development)}
{timestamp: 2018-11-29T10:09:15.976Z, level: info, message: server started on port 4040 (development)}
{timestamp: 2018-11-29T10:09:29.758Z, level: info, message: server started on port 4040 (development)}
{timestamp: 2018-11-29T10:10:46.915Z, level: info, message: server started on port 4040 (development)}
{timestamp: 2018-11-29T10:11:08.590Z, level: info, message: server started on port 4040 (development)}
{timestamp: 2018-11-29T10:11:12.060Z, level: info, message: server started on port 4040 (development)}
{timestamp: 2018-11-29T10:11:20.515Z, level: info, message: server started on port 4040 (development)}
{timestamp: 2018-11-29T10:11:45.722Z, level: error, message: _service2.default.getAll is not a function}
{timestamp: 2018-11-29T10:12:09.738Z, level: info, message: server started on port 4040 (development)}
{timestamp: 2018-11-29T10:12:21.159Z, level: info, message: server started on port 4040 (development)}
{timestamp: 2018-11-29T10:12:32.250Z, level: info, message: server started on port 4040 (development)}
{timestamp: 2018-11-29T10:24:29.158Z, level: info, message: server started on port 4040 (development)}
{timestamp: 2018-11-29T10:24:48.962Z, level: info, message: server started on port 4040 (development)}
{timestamp: 2018-11-29T10:25:01.330Z, level: info, message: server started on port 4040 (development)}
{timestamp: 2018-11-29T10:25:34.876Z, level: info, message: server started on port 4040 (development)}
{timestamp: 2018-11-29T10:26:57.148Z, level: error, message: API not found}
{timestamp: 2018-11-29T10:27:12.882Z, level: info, message: server started on port 4040 (development)}
{timestamp: 2018-11-29T10:27:27.959Z, level: info, message: server started on port 4040 (development)}
{timestamp: 2018-11-29T10:27:29.444Z, level: error, message: Cannot read property 'apply' of undefined}
{timestamp: 2018-11-29T10:27:49.023Z, level: info, message: server started on port 4040 (development)}
{timestamp: 2018-11-29T10:28:15.956Z, level: error, message: Cannot read property 'apply' of undefined}
{timestamp: 2018-11-29T10:31:04.233Z, level: info, message: server started on port 4040 (development)}
{timestamp: 2018-11-29T10:31:49.165Z, level: info, message: server started on port 4040 (development)}
{timestamp: 2018-11-29T10:31:52.908Z, level: error, message: Cannot read property 'token' of undefined}
{timestamp: 2018-11-29T10:32:19.221Z, level: info, message: server started on port 4040 (development)}
{timestamp: 2018-11-29T10:32:33.419Z, level: info, message: server started on port 4040 (development)}
{timestamp: 2018-11-29T10:32:46.168Z, level: info, message: server started on port 4040 (development)}
{timestamp: 2018-11-29T10:32:48.732Z, level: info, message: server started on port 4040 (development)}
{timestamp: 2018-11-29T10:33:08.655Z, level: info, message: server started on port 4040 (development)}
{timestamp: 2018-11-29T10:33:23.613Z, level: info, message: server started on port 4040 (development)}
{timestamp: 2018-11-29T10:34:30.413Z, level: info, message: server started on port 4040 (development)}
{timestamp: 2018-11-29T10:34:56.737Z, level: info, message: server started on port 4040 (development)}
{timestamp: 2018-11-29T10:35:00.961Z, level: info, message: server started on port 4040 (development)}
{timestamp: 2018-11-29T10:35:13.058Z, level: info, message: server started on port 4040 (development)}
{timestamp: 2018-11-29T10:35:25.531Z, level: info, message: server started on port 4040 (development)}
{timestamp: 2018-11-29T10:36:18.503Z, level: info, message: server started on port 4040 (development)}
{timestamp: 2018-11-29T10:36:35.951Z, level: info, message: server started on port 4040 (development)}
{timestamp: 2018-11-29T10:36:44.171Z, level: info, message: server started on port 4040 (development)}
{timestamp: 2018-11-29T10:36:48.669Z, level: error, message: Cannot read property 'token' of undefined}
{timestamp: 2018-11-29T10:37:26.005Z, level: info, message: server started on port 4040 (development)}
{timestamp: 2018-11-29T10:37:56.757Z, level: info, message: server started on port 4040 (development)}
{timestamp: 2018-11-29T10:38:00.547Z, level: info, message: server started on port 4040 (development)}
{timestamp: 2018-11-29T10:38:27.885Z, level: info, message: server started on port 4040 (development)}
{timestamp: 2018-11-29T10:39:26.932Z, level: error, message: API not found}
{timestamp: 2018-11-29T10:39:45.079Z, level: info, message: server started on port 4040 (development)}
{timestamp: 2018-11-29T10:39:55.696Z, level: error, message: API not found}
{timestamp: 2018-11-29T10:40:03.733Z, level: error, message: API not found}
{timestamp: 2018-11-29T10:41:35.107Z, level: info, message: server started on port 4040 (development)}
{timestamp: 2018-11-29T10:41:37.327Z, level: info, message: server started on port 4040 (development)}
{timestamp: 2018-11-29T10:41:43.120Z, level: info, message: server started on port 4040 (development)}
{timestamp: 2018-11-29T10:43:40.046Z, level: info, message: server started on port 4040 (development)}
{timestamp: 2018-11-29T10:44:07.180Z, level: info, message: server started on port 4040 (development)}
{timestamp: 2018-11-29T10:44:12.738Z, level: info, message: server started on port 4040 (development)}
{timestamp: 2018-11-29T10:47:53.709Z, level: info, message: server started on port 4040 (development)}
{timestamp: 2018-11-29T10:48:12.161Z, level: info, message: server started on port 4040 (development)}
{timestamp: 2018-11-29T10:48:37.324Z, level: info, message: server started on port 4040 (development)}
{timestamp: 2018-11-29T10:49:24.154Z, level: info, message: server started on port 4040 (development)}
{timestamp: 2018-11-29T10:49:52.208Z, level: info, message: server started on port 4040 (development)}
{timestamp: 2018-11-29T10:49:54.644Z, level: info, message: server started on port 4040 (development)}
{timestamp: 2018-11-29T10:49:57.264Z, level: info, message: server started on port 4040 (development)}
{timestamp: 2018-11-29T10:50:01.464Z, level: info, message: server started on port 4040 (development)}
{timestamp: 2018-11-29T10:50:05.081Z, level: info, message: server started on port 4040 (development)}
{timestamp: 2018-11-29T10:50:17.996Z, level: error, message: Cannot read property 'apply' of undefined}
{timestamp: 2018-11-29T10:50:45.288Z, level: info, message: server started on port 4040 (development)}
{timestamp: 2018-11-29T10:51:31.706Z, level: info, message: server started on port 4040 (development)}
{timestamp: 2018-11-29T10:51:46.457Z, level: info, message: server started on port 4040 (development)}
{timestamp: 2018-11-29T10:54:30.608Z, level: info, message: server started on port 4040 (development)}
{timestamp: 2018-11-29T10:54:46.812Z, level: info, message: server started on port 4040 (development)}
{timestamp: 2018-11-29T10:57:03.405Z, level: info, message: server started on port 4040 (development)}
{timestamp: 2018-11-29T10:57:29.358Z, level: info, message: server started on port 4040 (development)}
{timestamp: 2018-11-29T10:57:35.699Z, level: info, message: server started on port 4040 (development)}
{timestamp: 2018-11-29T10:57:54.081Z, level: info, message: server started on port 4040 (development)}
{timestamp: 2018-11-29T10:57:57.582Z, level: info, message: server started on port 4040 (development)}
{timestamp: 2018-11-29T10:58:35.025Z, level: info, message: server started on port 4040 (development)}
{timestamp: 2018-11-29T10:59:52.473Z, level: info, message: server started on port 4040 (development)}
{timestamp: 2018-11-29T11:00:02.683Z, level: info, message: server started on port 4040 (development)}
{timestamp: 2018-11-29T11:00:11.001Z, level: info, message: server started on port 4040 (development)}
{timestamp: 2018-11-29T11:00:34.871Z, level: info, message: server started on port 4040 (development)}
{timestamp: 2018-11-29T11:00:42.221Z, level: error, message: _service2.default.update is not a function}
{timestamp: 2018-11-29T11:01:42.691Z, level: error, message: _service2.default.update is not a function}
{timestamp: 2018-11-29T11:03:09.818Z, level: info, message: server started on port 4040 (development)}
{timestamp: 2018-11-29T11:03:12.641Z, level: error, message: _service2.default.update is not a function}
{timestamp: 2018-11-29T11:03:52.012Z, level: error, message: _service2.default.update is not a function}
{timestamp: 2018-11-29T11:04:49.858Z, level: info, message: server started on port 4040 (development)}
{timestamp: 2018-11-29T11:05:03.702Z, level: info, message: server started on port 4040 (development)}
{timestamp: 2018-11-29T11:05:08.483Z, level: info, message: server started on port 4040 (development)}
{timestamp: 2018-11-29T11:05:22.156Z, level: error, message: params is not defined}
{timestamp: 2018-11-29T11:05:38.598Z, level: info, message: server started on port 4040 (development)}
{timestamp: 2018-11-29T11:05:42.315Z, level: info, message: server started on port 4040 (development)}
{timestamp: 2018-11-29T11:05:56.082Z, level: info, message: server started on port 4040 (development)}
{timestamp: 2018-11-29T11:06:38.665Z, level: info, message: server started on port 4040 (development)}
{timestamp: 2018-11-29T11:06:47.627Z, level: info, message: server started on port 4040 (development)}
{timestamp: 2018-11-29T11:06:55.563Z, level: info, message: server started on port 4040 (development)}
{timestamp: 2018-11-29T11:08:10.282Z, level: info, message: server started on port 4040 (development)}
{timestamp: 2018-11-29T11:08:58.947Z, level: info, message: server started on port 4040 (development)}
{timestamp: 2018-11-29T11:09:06.755Z, level: error, message: Cannot create property 'updatedAt' on string '1'}
{timestamp: 2018-11-29T11:09:49.924Z, level: info, message: server started on port 4040 (development)}
{timestamp: 2018-11-29T11:14:45.971Z, level: info, message: server started on port 4040 (development)}
{timestamp: 2018-11-29T11:17:18.355Z, level: info, message: server started on port 4040 (development)}
{timestamp: 2018-11-29T11:17:35.905Z, level: info, message: server started on port 4040 (development)}
{timestamp: 2018-11-29T11:18:46.121Z, level: info, message: server started on port 4040 (development)}
{timestamp: 2018-11-29T11:19:09.467Z, level: info, message: server started on port 4040 (development)}
{timestamp: 2018-11-29T11:21:27.604Z, level: info, message: server started on port 4040 (development)}
{timestamp: 2018-11-29T11:21:36.308Z, level: info, message: server started on port 4040 (development)}
{timestamp: 2018-11-29T11:22:29.638Z, level: info, message: server started on port 4040 (development)}
{timestamp: 2018-11-29T11:22:34.354Z, level: info, message: server started on port 4040 (development)}
{timestamp: 2018-11-29T11:29:57.773Z, level: info, message: server started on port 4040 (development)}
{timestamp: 2018-11-29T11:30:06.645Z, level: error, message: API not found}
{timestamp: 2018-11-29T11:30:18.604Z, level: error, message: Cannot read property 'validate' of undefined}
{timestamp: 2018-11-29T11:30:56.644Z, level: info, message: server started on port 4040 (development)}
{timestamp: 2018-11-29T11:33:35.938Z, level: info, message: server started on port 4040 (development)}
{timestamp: 2018-11-29T11:39:28.754Z, level: info, message: server started on port 4040 (development)}
{timestamp: 2018-11-29T11:42:00.198Z, level: info, message: server started on port 4040 (development)}
{timestamp: 2018-11-29T11:42:01.276Z, level: error, message: params is not defined}
{timestamp: 2018-11-29T11:43:04.848Z, level: info, message: server started on port 4040 (development)}
{timestamp: 2018-11-29T11:43:05.835Z, level: error, message: Cannot read property 'body' of undefined}
{timestamp: 2018-11-29T11:43:49.473Z, level: info, message: server started on port 4040 (development)}
{timestamp: 2018-11-29T11:43:51.903Z, level: error, message: Cannot read property 'body' of undefined}
{timestamp: 2018-11-29T11:44:27.379Z, level: info, message: server started on port 4040 (development)}
{timestamp: 2018-11-29T11:44:31.626Z, level: error, message: params is not defined}
{timestamp: 2018-11-29T11:47:52.139Z, level: info, message: server started on port 4040 (development)}
{timestamp: 2018-11-29T11:48:38.630Z, level: info, message: server started on port 4040 (development)}
{timestamp: 2018-11-29T11:49:15.840Z, level: info, message: server started on port 4040 (development)}
{timestamp: 2018-11-29T11:49:48.747Z, level: info, message: server started on port 4040 (development)}
{timestamp: 2018-11-29T11:50:54.563Z, level: info, message: server started on port 4040 (development)}
{timestamp: 2018-11-29T11:51:10.051Z, level: info, message: server started on port 4040 (development)}
{timestamp: 2018-11-29T11:57:59.348Z, level: info, message: server started on port 4040 (development)}
{timestamp: 2018-11-29T11:58:16.632Z, level: info, message: server started on port 4040 (development)}
{timestamp: 2018-11-29T11:58:34.287Z, level: info, message: server started on port 4040 (development)}
{timestamp: 2018-11-29T11:58:39.261Z, level: info, message: server started on port 4040 (development)}
{timestamp: 2018-11-29T11:59:10.344Z, level: info, message: server started on port 4040 (development)}
{timestamp: 2018-11-29T11:59:41.766Z, level: info, message: server started on port 4040 (development)}
{timestamp: 2018-11-29T12:00:10.243Z, level: info, message: server started on port 4040 (development)}
{timestamp: 2018-11-29T12:06:47.723Z, level: info, message: server started on port 4040 (development)}
{timestamp: 2018-11-29T12:09:16.663Z, level: info, message: server started on port 4040 (development)}
{timestamp: 2018-11-29T12:11:54.666Z, level: info, message: server started on port 4040 (development)}
{timestamp: 2018-11-29T12:12:34.685Z, level: info, message: server started on port 4040 (development)}
{timestamp: 2018-11-29T12:30:48.564Z, level: info, message: server started on port 4040 (development)}
{timestamp: 2018-11-29T12:31:43.062Z, level: info, message: server started on port 4040 (development)}
{timestamp: 2018-11-29T12:31:45.474Z, level: info, message: server started on port 4040 (development)}
{timestamp: 2018-11-29T12:33:05.491Z, level: info, message: server started on port 4040 (development)}
{timestamp: 2018-11-29T12:33:54.293Z, level: info, message: server started on port 4040 (development)}
{timestamp: 2018-11-29T12:35:17.982Z, level: error, message: usernameExists is not defined}
{timestamp: 2018-11-29T12:35:43.523Z, level: info, message: server started on port 4040 (development)}
{timestamp: 2018-11-29T12:35:46.597Z, level: info, message: server started on port 4040 (development)}
{timestamp: 2018-11-29T12:36:08.768Z, level: error, message: Cannot read property 'token' of undefined}
{timestamp: 2018-11-29T12:46:13.290Z, level: info, message: server started on port 4040 (development)}
{timestamp: 2018-11-29T12:46:16.426Z, level: error, message: _service2.default.checkDuplicate is not a function}
{timestamp: 2018-11-29T12:47:02.909Z, level: info, message: server started on port 4040 (development)}
{timestamp: 2018-11-29T12:47:03.307Z, level: error, message: _service2.default.checkDuplicate is not a function}
{timestamp: 2018-11-29T12:47:37.834Z, level: info, message: server started on port 4040 (development)}
{timestamp: 2018-11-29T12:48:07.997Z, level: error, message: Unknown column 'user.checkParam' in 'where clause'}
{timestamp: 2018-11-29T12:48:50.836Z, level: info, message: server started on port 4040 (development)}
{timestamp: 2018-11-29T12:49:18.742Z, level: info, message: server started on port 4040 (development)}
{timestamp: 2018-11-29T12:50:21.682Z, level: info, message: server started on port 4040 (development)}
{timestamp: 2018-11-29T12:51:23.358Z, level: info, message: server started on port 4040 (development)}
{timestamp: 2018-11-29T12:51:38.992Z, level: info, message: server started on port 4040 (development)}
{timestamp: 2018-11-29T12:52:00.673Z, level: info, message: server started on port 4040 (development)}
{timestamp: 2018-11-29T12:52:05.986Z, level: error, message: Invalid value { username: 'akram@gmail.com' }}
{timestamp: 2018-11-29T12:52:35.992Z, level: info, message: server started on port 4040 (development)}
{timestamp: 2018-11-29T12:52:42.694Z, level: error, message: Invalid value { username: 'akram@gmail.com' }}
{timestamp: 2018-11-29T12:54:36.837Z, level: info, message: server started on port 4040 (development)}
{timestamp: 2018-11-29T12:55:13.869Z, level: info, message: server started on port 4040 (development)}
{timestamp: 2018-11-29T12:55:17.354Z, level: error, message: Cannot read property 'token' of undefined}
{timestamp: 2018-11-29T12:57:00.532Z, level: info, message: server started on port 4040 (development)}
{timestamp: 2018-11-29T12:58:40.698Z, level: info, message: server started on port 4040 (development)}
{timestamp: 2018-11-29T13:02:30.837Z, level: info, message: server started on port 4040 (development)}
{timestamp: 2018-11-29T13:02:58.500Z, level: info, message: server started on port 4040 (development)}
{timestamp: 2018-11-29T13:03:22.654Z, level: info, message: server started on port 4040 (development)}
{timestamp: 2018-11-29T13:07:48.212Z, level: info, message: server started on port 4040 (development)}
{timestamp: 2018-11-29T13:08:45.799Z, level: error, message: errKey is not defined}
{timestamp: 2018-11-29T13:10:32.796Z, level: info, message: server started on port 4040 (development)}
{timestamp: 2018-11-29T13:10:50.075Z, level: info, message: server started on port 4040 (development)}
{timestamp: 2018-11-29T13:11:33.716Z, level: info, message: server started on port 4040 (development)}
{timestamp: 2018-11-29T13:11:56.470Z, level: info, message: server started on port 4040 (development)}
{timestamp: 2018-11-29T13:12:01.317Z, level: error, message: Invalid value { reference: 'akram@gmail.com' }}
{timestamp: 2018-11-29T13:12:48.567Z, level: info, message: server started on port 4040 (development)}
{timestamp: 2018-11-29T13:13:20.422Z, level: error, message: errKey is not defined}
{timestamp: 2018-11-29T13:13:52.648Z, level: info, message: server started on port 4040 (development)}
{timestamp: 2018-11-29T13:14:48.614Z, level: info, message: server started on port 4040 (development)}
{timestamp: 2018-11-29T13:15:10.547Z, level: info, message: server started on port 4040 (development)}
{timestamp: 2018-11-29T13:15:20.133Z, level: info, message: server started on port 4040 (development)}
{timestamp: 2018-11-29T13:16:04.852Z, level: info, message: server started on port 4040 (development)}
{timestamp: 2018-11-29T13:17:40.350Z, level: info, message: server started on port 4040 (development)}
{timestamp: 2018-11-29T13:21:46.246Z, level: info, message: server started on port 4040 (development)}
{timestamp: 2018-11-29T13:24:47.922Z, level: info, message: server started on port 4040 (development)}
{timestamp: 2018-11-29T13:25:23.120Z, level: info, message: server started on port 4040 (development)}
{timestamp: 2018-11-29T13:28:19.941Z, level: info, message: server started on port 4040 (development)}
{timestamp: 2018-11-29T13:31:03.143Z, level: info, message: server started on port 4040 (development)}
{timestamp: 2018-11-29T13:31:32.874Z, level: info, message: server started on port 4040 (development)}
{timestamp: 2018-11-29T13:32:19.011Z, level: info, message: server started on port 4040 (development)}
{timestamp: 2018-11-29T13:32:44.534Z, level: info, message: server started on port 4040 (development)}
{timestamp: 2018-11-29T13:33:00.941Z, level: info, message: server started on port 4040 (development)}
{timestamp: 2018-11-29T13:33:06.504Z, level: info, message: server started on port 4040 (development)}
{timestamp: 2018-11-29T13:34:37.861Z, level: info, message: server started on port 4040 (development)}
{timestamp: 2018-11-29T13:35:35.531Z, level: info, message: server started on port 4040 (development)}
{timestamp: 2018-11-29T13:35:50.652Z, level: info, message: server started on port 4040 (development)}
